d:\cocos2d\helloworld\proj.win32\debug.win32\appdelegate.obj
d:\cocos2d\helloworld\proj.win32\debug.win32\block.obj
d:\cocos2d\helloworld\proj.win32\debug.win32\ceffectmanager.obj
d:\cocos2d\helloworld\proj.win32\debug.win32\cparsernumber.obj
d:\cocos2d\helloworld\proj.win32\debug.win32\creditscene.obj
d:\cocos2d\helloworld\proj.win32\debug.win32\fish.obj
d:\cocos2d\helloworld\proj.win32\debug.win32\gamescene.obj
d:\cocos2d\helloworld\proj.win32\debug.win32\ice.obj
d:\cocos2d\helloworld\proj.win32\debug.win32\icechunk.obj
d:\cocos2d\helloworld\proj.win32\debug.win32\logoscene.obj
d:\cocos2d\helloworld\proj.win32\debug.win32\map.obj
d:\cocos2d\helloworld\proj.win32\debug.win32\menuscene.obj
d:\cocos2d\helloworld\proj.win32\debug.win32\cnumber.obj
d:\cocos2d\helloworld\proj.win32\debug.win32\sealevel.obj
d:\cocos2d\helloworld\proj.win32\debug.win32\sled.obj
d:\cocos2d\helloworld\proj.win32\debug.win32\stagemenuscene.obj
d:\cocos2d\helloworld\proj.win32\debug.win32\teamlogoscene.obj
d:\cocos2d\helloworld\proj.win32\debug.win32\helloworldscene.obj
d:\cocos2d\helloworld\proj.win32\debug.win32\main.obj
d:\cocos2d\helloworld\proj.win32\debug.win32\vc100.pdb
d:\cocos2d\debug.win32\helloworld.lib
d:\cocos2d\debug.win32\helloworld.exp
d:\cocos2d\debug.win32\helloworld.ilk
d:\cocos2d\debug.win32\helloworld.exe
d:\cocos2d\helloworld\proj.win32\debug.win32\helloworld.exe.intermediate.manifest
d:\cocos2d\debug.win32\helloworld.pdb
d:\cocos2d\helloworld\proj.win32\debug.win32\helloworld.exe.embed.manifest
d:\cocos2d\helloworld\proj.win32\debug.win32\helloworld.exe.embed.manifest.res
d:\포트폴리오\게임프로젝트파일\(1)icescape\cocos2d\helloworld\proj.win32\debug.win32\vc142.pdb
d:\포트폴리오\게임프로젝트파일\(1)icescape\cocos2d\helloworld\proj.win32\debug.win32\vc142.idb
d:\포트폴리오\게임프로젝트파일\(1)icescape\cocos2d\helloworld\proj.win32\debug.win32\appdelegate.obj
d:\포트폴리오\게임프로젝트파일\(1)icescape\cocos2d\helloworld\proj.win32\debug.win32\block.obj
d:\포트폴리오\게임프로젝트파일\(1)icescape\cocos2d\helloworld\proj.win32\debug.win32\ceffectmanager.obj
d:\포트폴리오\게임프로젝트파일\(1)icescape\cocos2d\helloworld\proj.win32\debug.win32\cparsernumber.obj
d:\포트폴리오\게임프로젝트파일\(1)icescape\cocos2d\helloworld\proj.win32\debug.win32\creditscene.obj
d:\포트폴리오\게임프로젝트파일\(1)icescape\cocos2d\helloworld\proj.win32\debug.win32\fish.obj
d:\포트폴리오\게임프로젝트파일\(1)icescape\cocos2d\helloworld\proj.win32\debug.win32\gamescene.obj
d:\포트폴리오\게임프로젝트파일\(1)icescape\cocos2d\helloworld\proj.win32\debug.win32\ice.obj
d:\포트폴리오\게임프로젝트파일\(1)icescape\cocos2d\helloworld\proj.win32\debug.win32\icechunk.obj
d:\포트폴리오\게임프로젝트파일\(1)icescape\cocos2d\helloworld\proj.win32\debug.win32\logoscene.obj
d:\포트폴리오\게임프로젝트파일\(1)icescape\cocos2d\helloworld\proj.win32\debug.win32\map.obj
d:\포트폴리오\게임프로젝트파일\(1)icescape\cocos2d\helloworld\proj.win32\debug.win32\menuscene.obj
d:\포트폴리오\게임프로젝트파일\(1)icescape\cocos2d\helloworld\proj.win32\debug.win32\cnumber.obj
d:\포트폴리오\게임프로젝트파일\(1)icescape\cocos2d\helloworld\proj.win32\debug.win32\sealevel.obj
d:\포트폴리오\게임프로젝트파일\(1)icescape\cocos2d\helloworld\proj.win32\debug.win32\sled.obj
d:\포트폴리오\게임프로젝트파일\(1)icescape\cocos2d\helloworld\proj.win32\debug.win32\stagemenuscene.obj
d:\포트폴리오\게임프로젝트파일\(1)icescape\cocos2d\helloworld\proj.win32\debug.win32\teamlogoscene.obj
d:\포트폴리오\게임프로젝트파일\(1)icescape\cocos2d\helloworld\proj.win32\debug.win32\helloworldscene.obj
d:\포트폴리오\게임프로젝트파일\(1)icescape\cocos2d\helloworld\proj.win32\debug.win32\main.obj
c:\users\beaknohyeon\documents\github\crosspuzzlegit\icescape\게임파일(c++,cocos2d-x)\helloworld\proj.win32\debug.win32\vc142.pdb
c:\users\beaknohyeon\documents\github\crosspuzzlegit\icescape\게임파일(c++,cocos2d-x)\helloworld\proj.win32\debug.win32\vc142.idb
c:\users\beaknohyeon\documents\github\crosspuzzlegit\icescape\게임파일(c++,cocos2d-x)\helloworld\proj.win32\debug.win32\appdelegate.obj
c:\users\beaknohyeon\documents\github\crosspuzzlegit\icescape\게임파일(c++,cocos2d-x)\helloworld\proj.win32\debug.win32\block.obj
c:\users\beaknohyeon\documents\github\crosspuzzlegit\icescape\게임파일(c++,cocos2d-x)\helloworld\proj.win32\debug.win32\ceffectmanager.obj
c:\users\beaknohyeon\documents\github\crosspuzzlegit\icescape\게임파일(c++,cocos2d-x)\helloworld\proj.win32\debug.win32\cparsernumber.obj
c:\users\beaknohyeon\documents\github\crosspuzzlegit\icescape\게임파일(c++,cocos2d-x)\helloworld\proj.win32\debug.win32\creditscene.obj
c:\users\beaknohyeon\documents\github\crosspuzzlegit\icescape\게임파일(c++,cocos2d-x)\helloworld\proj.win32\debug.win32\fish.obj
c:\users\beaknohyeon\documents\github\crosspuzzlegit\icescape\게임파일(c++,cocos2d-x)\helloworld\proj.win32\debug.win32\gamescene.obj
c:\users\beaknohyeon\documents\github\crosspuzzlegit\icescape\게임파일(c++,cocos2d-x)\helloworld\proj.win32\debug.win32\ice.obj
c:\users\beaknohyeon\documents\github\crosspuzzlegit\icescape\게임파일(c++,cocos2d-x)\helloworld\proj.win32\debug.win32\icechunk.obj
c:\users\beaknohyeon\documents\github\crosspuzzlegit\icescape\게임파일(c++,cocos2d-x)\helloworld\proj.win32\debug.win32\logoscene.obj
c:\users\beaknohyeon\documents\github\crosspuzzlegit\icescape\게임파일(c++,cocos2d-x)\helloworld\proj.win32\debug.win32\map.obj
c:\users\beaknohyeon\documents\github\crosspuzzlegit\icescape\게임파일(c++,cocos2d-x)\helloworld\proj.win32\debug.win32\menuscene.obj
c:\users\beaknohyeon\documents\github\crosspuzzlegit\icescape\게임파일(c++,cocos2d-x)\helloworld\proj.win32\debug.win32\cnumber.obj
c:\users\beaknohyeon\documents\github\crosspuzzlegit\icescape\게임파일(c++,cocos2d-x)\helloworld\proj.win32\debug.win32\sealevel.obj
c:\users\beaknohyeon\documents\github\crosspuzzlegit\icescape\게임파일(c++,cocos2d-x)\helloworld\proj.win32\debug.win32\sled.obj
c:\users\beaknohyeon\documents\github\crosspuzzlegit\icescape\게임파일(c++,cocos2d-x)\helloworld\proj.win32\debug.win32\stagemenuscene.obj
c:\users\beaknohyeon\documents\github\crosspuzzlegit\icescape\게임파일(c++,cocos2d-x)\helloworld\proj.win32\debug.win32\teamlogoscene.obj
c:\users\beaknohyeon\documents\github\crosspuzzlegit\icescape\게임파일(c++,cocos2d-x)\helloworld\proj.win32\debug.win32\helloworldscene.obj
c:\users\beaknohyeon\documents\github\crosspuzzlegit\icescape\게임파일(c++,cocos2d-x)\helloworld\proj.win32\debug.win32\main.obj
d:\포트폴리오\게임프로젝트파일\(1)icescape\cocos2d\helloworld\proj.win32\debug.win32\helloworld.lib
d:\포트폴리오\게임프로젝트파일\(1)icescape\cocos2d\helloworld\proj.win32\debug.win32\helloworld.exp
d:\포트폴리오\게임프로젝트파일\(1)icescape\cocos2d\helloworld\proj.win32\debug.win32\helloworld.exe
d:\포트폴리오\게임프로젝트파일\(1)icescape\cocos2d\helloworld\proj.win32\debug.win32\helloworld.ilk
d:\포트폴리오\게임프로젝트파일\(1)icescape\cocos2d\helloworld\proj.win32\debug.win32\helloworld.pdb
c:\users\beaknohyeon\documents\github\crosspuzzlegit\icescape\게임파일(c++,cocos2d-x)\helloworld\proj.win32\debug.win32\cl.command.1.tlog
c:\users\beaknohyeon\documents\github\crosspuzzlegit\icescape\게임파일(c++,cocos2d-x)\helloworld\proj.win32\debug.win32\cl.read.1.tlog
c:\users\beaknohyeon\documents\github\crosspuzzlegit\icescape\게임파일(c++,cocos2d-x)\helloworld\proj.win32\debug.win32\cl.write.1.tlog
c:\users\beaknohyeon\documents\github\crosspuzzlegit\icescape\게임파일(c++,cocos2d-x)\helloworld\proj.win32\debug.win32\helloworld.write.1.tlog
c:\users\beaknohyeon\documents\github\crosspuzzlegit\icescape\게임파일(c++,cocos2d-x)\helloworld\proj.win32\debug.win32\link-cvtres.read.1.tlog
c:\users\beaknohyeon\documents\github\crosspuzzlegit\icescape\게임파일(c++,cocos2d-x)\helloworld\proj.win32\debug.win32\link-cvtres.write.1.tlog
c:\users\beaknohyeon\documents\github\crosspuzzlegit\icescape\게임파일(c++,cocos2d-x)\helloworld\proj.win32\debug.win32\link.3252-cvtres.read.1.tlog
c:\users\beaknohyeon\documents\github\crosspuzzlegit\icescape\게임파일(c++,cocos2d-x)\helloworld\proj.win32\debug.win32\link.3252-cvtres.write.1.tlog
c:\users\beaknohyeon\documents\github\crosspuzzlegit\icescape\게임파일(c++,cocos2d-x)\helloworld\proj.win32\debug.win32\link.3252.read.1.tlog
c:\users\beaknohyeon\documents\github\crosspuzzlegit\icescape\게임파일(c++,cocos2d-x)\helloworld\proj.win32\debug.win32\link.3252.write.1.tlog
c:\users\beaknohyeon\documents\github\crosspuzzlegit\icescape\게임파일(c++,cocos2d-x)\helloworld\proj.win32\debug.win32\link.5392-cvtres.read.1.tlog
c:\users\beaknohyeon\documents\github\crosspuzzlegit\icescape\게임파일(c++,cocos2d-x)\helloworld\proj.win32\debug.win32\link.5392-cvtres.write.1.tlog
c:\users\beaknohyeon\documents\github\crosspuzzlegit\icescape\게임파일(c++,cocos2d-x)\helloworld\proj.win32\debug.win32\link.5392.read.1.tlog
c:\users\beaknohyeon\documents\github\crosspuzzlegit\icescape\게임파일(c++,cocos2d-x)\helloworld\proj.win32\debug.win32\link.5392.write.1.tlog
c:\users\beaknohyeon\documents\github\crosspuzzlegit\icescape\게임파일(c++,cocos2d-x)\helloworld\proj.win32\debug.win32\link.5644-cvtres.read.1.tlog
c:\users\beaknohyeon\documents\github\crosspuzzlegit\icescape\게임파일(c++,cocos2d-x)\helloworld\proj.win32\debug.win32\link.5644-cvtres.write.1.tlog
c:\users\beaknohyeon\documents\github\crosspuzzlegit\icescape\게임파일(c++,cocos2d-x)\helloworld\proj.win32\debug.win32\link.5644.read.1.tlog
c:\users\beaknohyeon\documents\github\crosspuzzlegit\icescape\게임파일(c++,cocos2d-x)\helloworld\proj.win32\debug.win32\link.5644.write.1.tlog
c:\users\beaknohyeon\documents\github\crosspuzzlegit\icescape\게임파일(c++,cocos2d-x)\helloworld\proj.win32\debug.win32\link.7664-cvtres.read.1.tlog
c:\users\beaknohyeon\documents\github\crosspuzzlegit\icescape\게임파일(c++,cocos2d-x)\helloworld\proj.win32\debug.win32\link.7664-cvtres.write.1.tlog
c:\users\beaknohyeon\documents\github\crosspuzzlegit\icescape\게임파일(c++,cocos2d-x)\helloworld\proj.win32\debug.win32\link.7664.read.1.tlog
c:\users\beaknohyeon\documents\github\crosspuzzlegit\icescape\게임파일(c++,cocos2d-x)\helloworld\proj.win32\debug.win32\link.7664.write.1.tlog
c:\users\beaknohyeon\documents\github\crosspuzzlegit\icescape\게임파일(c++,cocos2d-x)\helloworld\proj.win32\debug.win32\link.9248-cvtres.read.1.tlog
c:\users\beaknohyeon\documents\github\crosspuzzlegit\icescape\게임파일(c++,cocos2d-x)\helloworld\proj.win32\debug.win32\link.9248-cvtres.write.1.tlog
c:\users\beaknohyeon\documents\github\crosspuzzlegit\icescape\게임파일(c++,cocos2d-x)\helloworld\proj.win32\debug.win32\link.9248.read.1.tlog
c:\users\beaknohyeon\documents\github\crosspuzzlegit\icescape\게임파일(c++,cocos2d-x)\helloworld\proj.win32\debug.win32\link.9248.write.1.tlog
c:\users\beaknohyeon\documents\github\crosspuzzlegit\icescape\게임파일(c++,cocos2d-x)\helloworld\proj.win32\debug.win32\link.command.1.tlog
c:\users\beaknohyeon\documents\github\crosspuzzlegit\icescape\게임파일(c++,cocos2d-x)\helloworld\proj.win32\debug.win32\link.read.1.tlog
c:\users\beaknohyeon\documents\github\crosspuzzlegit\icescape\게임파일(c++,cocos2d-x)\helloworld\proj.win32\debug.win32\link.write.1.tlog
c:\users\beaknohyeon\documents\github\crosspuzzlegit\icescape\게임파일(c++,cocos2d-x)\helloworld\proj.win32\debug.win32\mt.command.1.tlog
c:\users\beaknohyeon\documents\github\crosspuzzlegit\icescape\게임파일(c++,cocos2d-x)\helloworld\proj.win32\debug.win32\mt.read.1.tlog
c:\users\beaknohyeon\documents\github\crosspuzzlegit\icescape\게임파일(c++,cocos2d-x)\helloworld\proj.win32\debug.win32\mt.write.1.tlog
c:\users\beaknohyeon\documents\github\crosspuzzlegit\icescape\게임파일(c++,cocos2d-x)\helloworld\proj.win32\debug.win32\rc.command.1.tlog
c:\users\beaknohyeon\documents\github\crosspuzzlegit\icescape\게임파일(c++,cocos2d-x)\helloworld\proj.win32\debug.win32\rc.read.1.tlog
c:\users\beaknohyeon\documents\github\crosspuzzlegit\icescape\게임파일(c++,cocos2d-x)\helloworld\proj.win32\debug.win32\rc.write.1.tlog
c:\users\beaknohyeon\documents\github\crosspuzzlegit\icescape\게임파일(c++,cocos2d-x)\helloworld\proj.win32\debug.win32\helloworld.exe.embed.manifest
c:\users\beaknohyeon\documents\github\crosspuzzlegit\icescape\게임파일(c++,cocos2d-x)\helloworld\proj.win32\debug.win32\helloworld.exe.intermediate.manifest
c:\users\beaknohyeon\documents\github\crosspuzzlegit\icescape\게임파일(c++,cocos2d-x)\helloworld\proj.win32\debug.win32\helloworld.exe.embed.manifest.res
c:\users\beaknohyeon\documents\github\crosspuzzlegit\icescape\게임파일(c++,cocos2d-x)\helloworld\proj.win32\debug.win32\vc100.idb
c:\users\beaknohyeon\documents\github\crosspuzzlegit\icescape\게임파일(c++,cocos2d-x)\helloworld\proj.win32\debug.win32\helloworld.pdb
c:\users\beaknohyeon\documents\github\crosspuzzlegit\icescape\게임파일(c++,cocos2d-x)\helloworld\proj.win32\debug.win32\vc100.pdb
c:\users\beaknohyeon\documents\github\crosspuzzlegit\icescape\게임파일(c++,cocos2d-x)\helloworld\proj.win32\debug.win32\helloworld_manifest.rc
c:\users\beaknohyeon\documents\github\crosspuzzlegit\icescape\게임파일(c++,cocos2d-x)\helloworld\proj.win32\debug.win32\helloworld.tlog\cl.command.1.tlog
c:\users\beaknohyeon\documents\github\crosspuzzlegit\icescape\게임파일(c++,cocos2d-x)\helloworld\proj.win32\debug.win32\helloworld.tlog\cl.read.1.tlog
c:\users\beaknohyeon\documents\github\crosspuzzlegit\icescape\게임파일(c++,cocos2d-x)\helloworld\proj.win32\debug.win32\helloworld.tlog\cl.write.1.tlog
c:\users\beaknohyeon\documents\github\crosspuzzlegit\icescape\게임파일(c++,cocos2d-x)\helloworld\proj.win32\debug.win32\helloworld.tlog\helloworld.write.1u.tlog
c:\users\beaknohyeon\documents\github\crosspuzzlegit\icescape\게임파일(c++,cocos2d-x)\helloworld\proj.win32\debug.win32\helloworld.tlog\link-cvtres.read.1.tlog
c:\users\beaknohyeon\documents\github\crosspuzzlegit\icescape\게임파일(c++,cocos2d-x)\helloworld\proj.win32\debug.win32\helloworld.tlog\link-cvtres.write.1.tlog
c:\users\beaknohyeon\documents\github\crosspuzzlegit\icescape\게임파일(c++,cocos2d-x)\helloworld\proj.win32\debug.win32\helloworld.tlog\link-rc.read.1.tlog
c:\users\beaknohyeon\documents\github\crosspuzzlegit\icescape\게임파일(c++,cocos2d-x)\helloworld\proj.win32\debug.win32\helloworld.tlog\link-rc.write.1.tlog
c:\users\beaknohyeon\documents\github\crosspuzzlegit\icescape\게임파일(c++,cocos2d-x)\helloworld\proj.win32\debug.win32\helloworld.tlog\link.9300.delete.1.tlog
c:\users\beaknohyeon\documents\github\crosspuzzlegit\icescape\게임파일(c++,cocos2d-x)\helloworld\proj.win32\debug.win32\helloworld.tlog\link.command.1.tlog
c:\users\beaknohyeon\documents\github\crosspuzzlegit\icescape\게임파일(c++,cocos2d-x)\helloworld\proj.win32\debug.win32\helloworld.tlog\link.delete.1.tlog
c:\users\beaknohyeon\documents\github\crosspuzzlegit\icescape\게임파일(c++,cocos2d-x)\helloworld\proj.win32\debug.win32\helloworld.tlog\link.read.1.tlog
c:\users\beaknohyeon\documents\github\crosspuzzlegit\icescape\게임파일(c++,cocos2d-x)\helloworld\proj.win32\debug.win32\helloworld.tlog\link.write.1.tlog
