빌드 시작: 2012-09-29 오전 10:13:23
     1>2 노드의 "C:\cocos2d\cocos2dx\proj.win32\cocos2d-win32.vcxproj" 프로젝트(build 대상)입니다.
     1>InitializeBuildStatus:
         "AlwaysCreate"이(가) 지정되었기 때문에 "Release.win32\libcocos2d.unsuccessfulbuild"을(를) 만들고 있습니다.
       ClCompile:
         C:\Program Files\Microsoft Visual Studio 10.0\VC\bin\CL.exe /c /I.. /I..\platform\win32 /I..\platform\third_party\win32\iconv /I..\platform\third_party\win32\zlib /I..\platform\third_party\win32\libpng /I..\platform\third_party\win32\libtiff /I..\platform\third_party\win32\libjpeg /I..\platform\third_party\win32\libxml2 /I..\platform\third_party\win32\pthread /I..\platform\third_party\win32\OGLES /I..\include /I..\kazmath\include /Zi /nologo /W3 /WX- /O2 /Oy- /D WIN32 /D NDEBUG /D _WINDOWS /D _USRDLL /D COCOS2DXWIN32_EXPORTS /D GL_GLEXT_PROTOTYPES /D _CRT_SECURE_NO_WARNINGS /D _SCL_SECURE_NO_WARNINGS /D _WINDLL /D _UNICODE /D UNICODE /Gm- /EHsc /MD /GS /fp:precise /Zc:wchar_t /Zc:forScope /Fo"Release.win32\\" /Fd"Release.win32\vc100.pdb" /Gd /TP /wd4267 /wd4251 /wd4244 /analyze- /errorReport:prompt ..\CCCamera.cpp ..\CCConfiguration.cpp ..\CCDirector.cpp ..\CCDrawingPrimitives.cpp ..\CCScheduler.cpp ..\actions\CCAction.cpp ..\actions\CCActionCamera.cpp ..\actions\CCActionCatmullRom.cpp ..\actions\CCActionEase.cpp ..\actions\CCActionGrid.cpp ..\actions\CCActionGrid3D.cpp ..\actions\CCActionInstant.cpp ..\actions\CCActionInterval.cpp ..\actions\CCActionManager.cpp ..\actions\CCActionPageTurn3D.cpp ..\actions\CCActionProgressTimer.cpp ..\actions\CCActionTiledGrid.cpp ..\actions\CCActionTween.cpp ..\base_nodes\CCAtlasNode.cpp ..\base_nodes\CCNode.cpp ..\cocoa\CCAffineTransform.cpp ..\cocoa\CCArray.cpp ..\cocoa\CCAutoreleasePool.cpp ..\cocoa\CCDictionary.cpp ..\cocoa\CCGeometry.cpp ..\cocoa\CCNS.cpp ..\cocoa\CCObject.cpp ..\cocoa\CCSet.cpp ..\cocoa\CCString.cpp ..\cocoa\CCZone.cpp ..\cocos2d.cpp ..\effects\CCGrabber.cpp ..\effects\CCGrid.cpp ..\extensions\CCBReader\CCBFileLoader.cpp ..\extensions\CCBReader\CCBReader.cpp ..\extensions\CCBReader\CCControlButtonLoader.cpp ..\extensions\CCBReader\CCControlLoader.cpp ..\extensions\CCBReader\CCLabelBMFontLoader.cpp ..\extensions\CCBReader\CCLabelTTFLoader.cpp ..\extensions\CCBReader\CCLayerColorLoader.cpp ..\extensions\CCBReader\CCLayerGradientLoader.cpp ..\extensions\CCBReader\CCLayerLoader.cpp ..\extensions\CCBReader\CCMenuItemImageLoader.cpp ..\extensions\CCBReader\CCMenuItemLoader.cpp ..\extensions\CCBReader\CCNodeLoader.cpp ..\extensions\CCBReader\CCNodeLoaderLibrary.cpp ..\extensions\CCBReader\CCParticleSystemQuadLoader.cpp ..\extensions\CCBReader\CCScale9SpriteLoader.cpp ..\extensions\CCBReader\CCScrollViewLoader.cpp ..\extensions\CCBReader\CCSpriteLoader.cpp ..\extensions\CCControlExtension\CCControl.cpp ..\extensions\CCControlExtension\CCControlButton.cpp ..\extensions\CCControlExtension\CCControlColourPicker.cpp ..\extensions\CCControlExtension\CCControlHuePicker.cpp ..\extensions\CCControlExtension\CCControlSaturationBrightnessPicker.cpp ..\extensions\CCControlExtension\CCControlSlider.cpp ..\extensions\CCControlExtension\CCControlSwitch.cpp ..\extensions\CCControlExtension\CCControlUtils.cpp ..\extensions\CCControlExtension\CCInvocation.cpp ..\extensions\CCControlExtension\CCMenuPassive.cpp ..\extensions\CCControlExtension\CCScale9Sprite.cpp ..\extensions\CCControlExtension\CCSpacer.cpp ..\extensions\CCListView\CCListView.cpp ..\extensions\CCListView\CCListViewCell.cpp ..\extensions\CCNotificationCenter\CCNotificationCenter.cpp ..\extensions\CCScrollView\CCScrollView.cpp ..\extensions\CCTextureWatcher\CCTextureWatcher.cpp ..\keypad_dispatcher\CCKeypadDelegate.cpp ..\keypad_dispatcher\CCKeypadDispatcher.cpp ..\label_nodes\CCLabelAtlas.cpp ..\label_nodes\CCLabelBMFont.cpp ..\label_nodes\CCLabelTTF.cpp ..\layers_scenes_transitions_nodes\CCLayer.cpp ..\layers_scenes_transitions_nodes\CCScene.cpp ..\layers_scenes_transitions_nodes\CCTransition.cpp ..\layers_scenes_transitions_nodes\CCTransitionPageTurn.cpp ..\layers_scenes_transitions_nodes\CCTransitionProgress.cpp ..\menu_nodes\CCMenu.cpp ..\menu_nodes\CCMenuItem.cpp ..\misc_nodes\CCMotionStreak.cpp ..\misc_nodes\CCProgressTimer.cpp ..\misc_nodes\CCRenderTexture.cpp ..\particle_nodes\CCParticleBatchNode.cpp ..\particle_nodes\CCParticleExamples.cpp ..\particle_nodes\CCParticleSystem.cpp ..\particle_nodes\CCParticleSystemQuad.cpp ..\platform\CCEGLViewProtocol.cpp ..\platform\CCSAXParser.cpp ..\platform\win32\CCAccelerometer.cpp ..\platform\win32\CCApplication.cpp ..\platform\win32\CCEGLView.cpp ..\platform\win32\CCFileUtils.cpp ..\platform\win32\CCImage.cpp ..\script_support\CCScriptSupport.cpp ..\shaders\CCGLProgram.cpp ..\shaders\CCShaderCache.cpp ..\shaders\ccGLStateCache.cpp ..\sprite_nodes\CCAnimation.cpp ..\sprite_nodes\CCAnimationCache.cpp ..\sprite_nodes\CCSprite.cpp ..\sprite_nodes\CCSpriteBatchNode.cpp ..\sprite_nodes\CCSpriteFrame.cpp ..\sprite_nodes\CCSpriteFrameCache.cpp ..\support\CCPointExtension.cpp ..\support\CCProfiling.cpp ..\support\CCUserDefault.cpp ..\support\CCVertex.cpp ..\support\TransformUtils.cpp ..\support\data_support\ccCArray.cpp ..\support\image_support\TGAlib.cpp ..\support\zip_support\ZipUtils.cpp ..\text_input_node\CCIMEDispatcher.cpp ..\text_input_node\CCTextFieldTTF.cpp ..\textures\CCTexture2D.cpp ..\textures\CCTextureAtlas.cpp ..\textures\CCTextureCache.cpp ..\textures\CCTexturePVR.cpp ..\tileMap_parallax_nodes\CCParallaxNode.cpp ..\tileMap_parallax_nodes\CCTMXLayer.cpp ..\tileMap_parallax_nodes\CCTMXObjectGroup.cpp ..\tileMap_parallax_nodes\CCTMXTiledMap.cpp ..\tileMap_parallax_nodes\CCTMXXMLParser.cpp ..\tileMap_parallax_nodes\CCTileMapAtlas.cpp ..\touch_dispatcher\CCTouchDispatcher.cpp ..\touch_dispatcher\CCTouchHandler.cpp
         CCCamera.cpp
         CCConfiguration.cpp
         CCDirector.cpp
     1>c:\cocos2d\cocos2dx\platform/CCSAXParser.h : warning C4819: 현재 코드 페이지(949)에서 표시할 수 없는 문자가 파일에 들어 있습니다. 데이터가 손실되지 않게 하려면 해당 파일을 유니코드 형식으로 저장하십시오.
     1>c:\cocos2d\cocos2dx\platform/CCSAXParser.h : warning C4819: 현재 코드 페이지(949)에서 표시할 수 없는 문자가 파일에 들어 있습니다. 데이터가 손실되지 않게 하려면 해당 파일을 유니코드 형식으로 저장하십시오.
         CCDrawingPrimitives.cpp
         CCScheduler.cpp
         CCAction.cpp
         CCActionCamera.cpp
         CCActionCatmullRom.cpp
         CCActionEase.cpp
         CCActionGrid.cpp
         CCActionGrid3D.cpp
         CCActionInstant.cpp
         CCActionInterval.cpp
         CCActionManager.cpp
         CCActionPageTurn3D.cpp
         CCActionProgressTimer.cpp
         CCActionTiledGrid.cpp
         CCActionTween.cpp
         CCAtlasNode.cpp
         CCNode.cpp
         코드를 생성하고 있습니다...
         컴파일하고 있습니다...
         CCAffineTransform.cpp
         CCArray.cpp
         CCAutoreleasePool.cpp
         CCDictionary.cpp
         CCGeometry.cpp
         CCNS.cpp
         CCObject.cpp
         CCSet.cpp
         CCString.cpp
         CCZone.cpp
         cocos2d.cpp
     1>c:\cocos2d\cocos2dx\platform/CCSAXParser.h : warning C4819: 현재 코드 페이지(949)에서 표시할 수 없는 문자가 파일에 들어 있습니다. 데이터가 손실되지 않게 하려면 해당 파일을 유니코드 형식으로 저장하십시오.
     1>c:\cocos2d\cocos2dx\platform/CCSAXParser.h : warning C4819: 현재 코드 페이지(949)에서 표시할 수 없는 문자가 파일에 들어 있습니다. 데이터가 손실되지 않게 하려면 해당 파일을 유니코드 형식으로 저장하십시오.
         CCGrabber.cpp
         CCGrid.cpp
         CCBFileLoader.cpp
     1>C:\cocos2d\cocos2dx\platform/CCSAXParser.h : warning C4819: 현재 코드 페이지(949)에서 표시할 수 없는 문자가 파일에 들어 있습니다. 데이터가 손실되지 않게 하려면 해당 파일을 유니코드 형식으로 저장하십시오.
     1>C:\cocos2d\cocos2dx\platform/CCSAXParser.h : warning C4819: 현재 코드 페이지(949)에서 표시할 수 없는 문자가 파일에 들어 있습니다. 데이터가 손실되지 않게 하려면 해당 파일을 유니코드 형식으로 저장하십시오.
         CCBReader.cpp
     1>C:\cocos2d\cocos2dx\platform/CCSAXParser.h : warning C4819: 현재 코드 페이지(949)에서 표시할 수 없는 문자가 파일에 들어 있습니다. 데이터가 손실되지 않게 하려면 해당 파일을 유니코드 형식으로 저장하십시오.
     1>C:\cocos2d\cocos2dx\platform/CCSAXParser.h : warning C4819: 현재 코드 페이지(949)에서 표시할 수 없는 문자가 파일에 들어 있습니다. 데이터가 손실되지 않게 하려면 해당 파일을 유니코드 형식으로 저장하십시오.
     1>..\extensions\CCBReader\CCBReader.cpp(197): warning C4334: '<<' : 32비트 시프트의 결과가 암시적으로 64비트로 변환됩니다. 64비트 시프트를 사용하시겠습니까?
     1>..\extensions\CCBReader\CCBReader.cpp(200): warning C4334: '<<' : 32비트 시프트의 결과가 암시적으로 64비트로 변환됩니다. 64비트 시프트를 사용하시겠습니까?
         CCControlButtonLoader.cpp
     1>C:\cocos2d\cocos2dx\platform/CCSAXParser.h : warning C4819: 현재 코드 페이지(949)에서 표시할 수 없는 문자가 파일에 들어 있습니다. 데이터가 손실되지 않게 하려면 해당 파일을 유니코드 형식으로 저장하십시오.
     1>C:\cocos2d\cocos2dx\platform/CCSAXParser.h : warning C4819: 현재 코드 페이지(949)에서 표시할 수 없는 문자가 파일에 들어 있습니다. 데이터가 손실되지 않게 하려면 해당 파일을 유니코드 형식으로 저장하십시오.
         CCControlLoader.cpp
     1>C:\cocos2d\cocos2dx\platform/CCSAXParser.h : warning C4819: 현재 코드 페이지(949)에서 표시할 수 없는 문자가 파일에 들어 있습니다. 데이터가 손실되지 않게 하려면 해당 파일을 유니코드 형식으로 저장하십시오.
     1>C:\cocos2d\cocos2dx\platform/CCSAXParser.h : warning C4819: 현재 코드 페이지(949)에서 표시할 수 없는 문자가 파일에 들어 있습니다. 데이터가 손실되지 않게 하려면 해당 파일을 유니코드 형식으로 저장하십시오.
         CCLabelBMFontLoader.cpp
     1>C:\cocos2d\cocos2dx\platform/CCSAXParser.h : warning C4819: 현재 코드 페이지(949)에서 표시할 수 없는 문자가 파일에 들어 있습니다. 데이터가 손실되지 않게 하려면 해당 파일을 유니코드 형식으로 저장하십시오.
     1>C:\cocos2d\cocos2dx\platform/CCSAXParser.h : warning C4819: 현재 코드 페이지(949)에서 표시할 수 없는 문자가 파일에 들어 있습니다. 데이터가 손실되지 않게 하려면 해당 파일을 유니코드 형식으로 저장하십시오.
         CCLabelTTFLoader.cpp
     1>C:\cocos2d\cocos2dx\platform/CCSAXParser.h : warning C4819: 현재 코드 페이지(949)에서 표시할 수 없는 문자가 파일에 들어 있습니다. 데이터가 손실되지 않게 하려면 해당 파일을 유니코드 형식으로 저장하십시오.
     1>C:\cocos2d\cocos2dx\platform/CCSAXParser.h : warning C4819: 현재 코드 페이지(949)에서 표시할 수 없는 문자가 파일에 들어 있습니다. 데이터가 손실되지 않게 하려면 해당 파일을 유니코드 형식으로 저장하십시오.
         CCLayerColorLoader.cpp
     1>C:\cocos2d\cocos2dx\platform/CCSAXParser.h : warning C4819: 현재 코드 페이지(949)에서 표시할 수 없는 문자가 파일에 들어 있습니다. 데이터가 손실되지 않게 하려면 해당 파일을 유니코드 형식으로 저장하십시오.
     1>C:\cocos2d\cocos2dx\platform/CCSAXParser.h : warning C4819: 현재 코드 페이지(949)에서 표시할 수 없는 문자가 파일에 들어 있습니다. 데이터가 손실되지 않게 하려면 해당 파일을 유니코드 형식으로 저장하십시오.
         코드를 생성하고 있습니다...
         컴파일하고 있습니다...
         CCLayerGradientLoader.cpp
     1>C:\cocos2d\cocos2dx\platform/CCSAXParser.h : warning C4819: 현재 코드 페이지(949)에서 표시할 수 없는 문자가 파일에 들어 있습니다. 데이터가 손실되지 않게 하려면 해당 파일을 유니코드 형식으로 저장하십시오.
     1>C:\cocos2d\cocos2dx\platform/CCSAXParser.h : warning C4819: 현재 코드 페이지(949)에서 표시할 수 없는 문자가 파일에 들어 있습니다. 데이터가 손실되지 않게 하려면 해당 파일을 유니코드 형식으로 저장하십시오.
         CCLayerLoader.cpp
     1>C:\cocos2d\cocos2dx\platform/CCSAXParser.h : warning C4819: 현재 코드 페이지(949)에서 표시할 수 없는 문자가 파일에 들어 있습니다. 데이터가 손실되지 않게 하려면 해당 파일을 유니코드 형식으로 저장하십시오.
     1>C:\cocos2d\cocos2dx\platform/CCSAXParser.h : warning C4819: 현재 코드 페이지(949)에서 표시할 수 없는 문자가 파일에 들어 있습니다. 데이터가 손실되지 않게 하려면 해당 파일을 유니코드 형식으로 저장하십시오.
         CCMenuItemImageLoader.cpp
     1>C:\cocos2d\cocos2dx\platform/CCSAXParser.h : warning C4819: 현재 코드 페이지(949)에서 표시할 수 없는 문자가 파일에 들어 있습니다. 데이터가 손실되지 않게 하려면 해당 파일을 유니코드 형식으로 저장하십시오.
     1>C:\cocos2d\cocos2dx\platform/CCSAXParser.h : warning C4819: 현재 코드 페이지(949)에서 표시할 수 없는 문자가 파일에 들어 있습니다. 데이터가 손실되지 않게 하려면 해당 파일을 유니코드 형식으로 저장하십시오.
         CCMenuItemLoader.cpp
     1>C:\cocos2d\cocos2dx\platform/CCSAXParser.h : warning C4819: 현재 코드 페이지(949)에서 표시할 수 없는 문자가 파일에 들어 있습니다. 데이터가 손실되지 않게 하려면 해당 파일을 유니코드 형식으로 저장하십시오.
     1>C:\cocos2d\cocos2dx\platform/CCSAXParser.h : warning C4819: 현재 코드 페이지(949)에서 표시할 수 없는 문자가 파일에 들어 있습니다. 데이터가 손실되지 않게 하려면 해당 파일을 유니코드 형식으로 저장하십시오.
         CCNodeLoader.cpp
     1>C:\cocos2d\cocos2dx\platform/CCSAXParser.h : warning C4819: 현재 코드 페이지(949)에서 표시할 수 없는 문자가 파일에 들어 있습니다. 데이터가 손실되지 않게 하려면 해당 파일을 유니코드 형식으로 저장하십시오.
     1>C:\cocos2d\cocos2dx\platform/CCSAXParser.h : warning C4819: 현재 코드 페이지(949)에서 표시할 수 없는 문자가 파일에 들어 있습니다. 데이터가 손실되지 않게 하려면 해당 파일을 유니코드 형식으로 저장하십시오.
         CCNodeLoaderLibrary.cpp
     1>C:\cocos2d\cocos2dx\platform/CCSAXParser.h : warning C4819: 현재 코드 페이지(949)에서 표시할 수 없는 문자가 파일에 들어 있습니다. 데이터가 손실되지 않게 하려면 해당 파일을 유니코드 형식으로 저장하십시오.
     1>C:\cocos2d\cocos2dx\platform/CCSAXParser.h : warning C4819: 현재 코드 페이지(949)에서 표시할 수 없는 문자가 파일에 들어 있습니다. 데이터가 손실되지 않게 하려면 해당 파일을 유니코드 형식으로 저장하십시오.
         CCParticleSystemQuadLoader.cpp
     1>C:\cocos2d\cocos2dx\platform/CCSAXParser.h : warning C4819: 현재 코드 페이지(949)에서 표시할 수 없는 문자가 파일에 들어 있습니다. 데이터가 손실되지 않게 하려면 해당 파일을 유니코드 형식으로 저장하십시오.
     1>C:\cocos2d\cocos2dx\platform/CCSAXParser.h : warning C4819: 현재 코드 페이지(949)에서 표시할 수 없는 문자가 파일에 들어 있습니다. 데이터가 손실되지 않게 하려면 해당 파일을 유니코드 형식으로 저장하십시오.
         CCScale9SpriteLoader.cpp
     1>C:\cocos2d\cocos2dx\platform/CCSAXParser.h : warning C4819: 현재 코드 페이지(949)에서 표시할 수 없는 문자가 파일에 들어 있습니다. 데이터가 손실되지 않게 하려면 해당 파일을 유니코드 형식으로 저장하십시오.
     1>C:\cocos2d\cocos2dx\platform/CCSAXParser.h : warning C4819: 현재 코드 페이지(949)에서 표시할 수 없는 문자가 파일에 들어 있습니다. 데이터가 손실되지 않게 하려면 해당 파일을 유니코드 형식으로 저장하십시오.
         CCScrollViewLoader.cpp
     1>C:\cocos2d\cocos2dx\platform/CCSAXParser.h : warning C4819: 현재 코드 페이지(949)에서 표시할 수 없는 문자가 파일에 들어 있습니다. 데이터가 손실되지 않게 하려면 해당 파일을 유니코드 형식으로 저장하십시오.
     1>C:\cocos2d\cocos2dx\platform/CCSAXParser.h : warning C4819: 현재 코드 페이지(949)에서 표시할 수 없는 문자가 파일에 들어 있습니다. 데이터가 손실되지 않게 하려면 해당 파일을 유니코드 형식으로 저장하십시오.
         CCSpriteLoader.cpp
     1>C:\cocos2d\cocos2dx\platform/CCSAXParser.h : warning C4819: 현재 코드 페이지(949)에서 표시할 수 없는 문자가 파일에 들어 있습니다. 데이터가 손실되지 않게 하려면 해당 파일을 유니코드 형식으로 저장하십시오.
     1>C:\cocos2d\cocos2dx\platform/CCSAXParser.h : warning C4819: 현재 코드 페이지(949)에서 표시할 수 없는 문자가 파일에 들어 있습니다. 데이터가 손실되지 않게 하려면 해당 파일을 유니코드 형식으로 저장하십시오.
         CCControl.cpp
         CCControlButton.cpp
         CCControlColourPicker.cpp
         CCControlHuePicker.cpp
         CCControlSaturationBrightnessPicker.cpp
         CCControlSlider.cpp
         CCControlSwitch.cpp
     1>C:\cocos2d\cocos2dx\platform/CCSAXParser.h : warning C4819: 현재 코드 페이지(949)에서 표시할 수 없는 문자가 파일에 들어 있습니다. 데이터가 손실되지 않게 하려면 해당 파일을 유니코드 형식으로 저장하십시오.
     1>C:\cocos2d\cocos2dx\platform/CCSAXParser.h : warning C4819: 현재 코드 페이지(949)에서 표시할 수 없는 문자가 파일에 들어 있습니다. 데이터가 손실되지 않게 하려면 해당 파일을 유니코드 형식으로 저장하십시오.
         CCControlUtils.cpp
         CCInvocation.cpp
         CCMenuPassive.cpp
         코드를 생성하고 있습니다...
         컴파일하고 있습니다...
         CCScale9Sprite.cpp
         CCSpacer.cpp
         CCListView.cpp
     1>C:\cocos2d\cocos2dx\platform/CCSAXParser.h : warning C4819: 현재 코드 페이지(949)에서 표시할 수 없는 문자가 파일에 들어 있습니다. 데이터가 손실되지 않게 하려면 해당 파일을 유니코드 형식으로 저장하십시오.
     1>C:\cocos2d\cocos2dx\platform/CCSAXParser.h : warning C4819: 현재 코드 페이지(949)에서 표시할 수 없는 문자가 파일에 들어 있습니다. 데이터가 손실되지 않게 하려면 해당 파일을 유니코드 형식으로 저장하십시오.
         CCListViewCell.cpp
     1>C:\cocos2d\cocos2dx\platform/CCSAXParser.h : warning C4819: 현재 코드 페이지(949)에서 표시할 수 없는 문자가 파일에 들어 있습니다. 데이터가 손실되지 않게 하려면 해당 파일을 유니코드 형식으로 저장하십시오.
     1>C:\cocos2d\cocos2dx\platform/CCSAXParser.h : warning C4819: 현재 코드 페이지(949)에서 표시할 수 없는 문자가 파일에 들어 있습니다. 데이터가 손실되지 않게 하려면 해당 파일을 유니코드 형식으로 저장하십시오.
         CCNotificationCenter.cpp
         CCScrollView.cpp
         CCTextureWatcher.cpp
     1>C:\cocos2d\cocos2dx\platform/CCSAXParser.h : warning C4819: 현재 코드 페이지(949)에서 표시할 수 없는 문자가 파일에 들어 있습니다. 데이터가 손실되지 않게 하려면 해당 파일을 유니코드 형식으로 저장하십시오.
     1>C:\cocos2d\cocos2dx\platform/CCSAXParser.h : warning C4819: 현재 코드 페이지(949)에서 표시할 수 없는 문자가 파일에 들어 있습니다. 데이터가 손실되지 않게 하려면 해당 파일을 유니코드 형식으로 저장하십시오.
         CCKeypadDelegate.cpp
         CCKeypadDispatcher.cpp
         CCLabelAtlas.cpp
         CCLabelBMFont.cpp
         CCLabelTTF.cpp
         CCLayer.cpp
         CCScene.cpp
         CCTransition.cpp
         CCTransitionPageTurn.cpp
         CCTransitionProgress.cpp
         CCMenu.cpp
         CCMenuItem.cpp
         CCMotionStreak.cpp
         코드를 생성하고 있습니다...
         컴파일하고 있습니다...
         CCProgressTimer.cpp
         CCRenderTexture.cpp
         CCParticleBatchNode.cpp
         CCParticleExamples.cpp
         CCParticleSystem.cpp
         CCParticleSystemQuad.cpp
         CCEGLViewProtocol.cpp
         CCSAXParser.cpp
     1>..\platform\CCSAXParser.cpp : warning C4819: 현재 코드 페이지(949)에서 표시할 수 없는 문자가 파일에 들어 있습니다. 데이터가 손실되지 않게 하려면 해당 파일을 유니코드 형식으로 저장하십시오.
     1>c:\cocos2d\cocos2dx\platform\CCSAXParser.h : warning C4819: 현재 코드 페이지(949)에서 표시할 수 없는 문자가 파일에 들어 있습니다. 데이터가 손실되지 않게 하려면 해당 파일을 유니코드 형식으로 저장하십시오.
         CCAccelerometer.cpp
         CCApplication.cpp
         CCEGLView.cpp
         CCFileUtils.cpp
     1>c:\cocos2d\cocos2dx\platform\CCSAXParser.h : warning C4819: 현재 코드 페이지(949)에서 표시할 수 없는 문자가 파일에 들어 있습니다. 데이터가 손실되지 않게 하려면 해당 파일을 유니코드 형식으로 저장하십시오.
         CCImage.cpp
         CCScriptSupport.cpp
         CCGLProgram.cpp
         CCShaderCache.cpp
         ccGLStateCache.cpp
         CCAnimation.cpp
         CCAnimationCache.cpp
         CCSprite.cpp
         코드를 생성하고 있습니다...
         컴파일하고 있습니다...
         CCSpriteBatchNode.cpp
         CCSpriteFrame.cpp
         CCSpriteFrameCache.cpp
         CCPointExtension.cpp
         CCProfiling.cpp
         CCUserDefault.cpp
         CCVertex.cpp
         TransformUtils.cpp
         ccCArray.cpp
         TGAlib.cpp
         ZipUtils.cpp
         CCIMEDispatcher.cpp
         CCTextFieldTTF.cpp
         CCTexture2D.cpp
         CCTextureAtlas.cpp
         CCTextureCache.cpp
         CCTexturePVR.cpp
         CCParallaxNode.cpp
         CCTMXLayer.cpp
     1>C:\cocos2d\cocos2dx\platform/CCSAXParser.h : warning C4819: 현재 코드 페이지(949)에서 표시할 수 없는 문자가 파일에 들어 있습니다. 데이터가 손실되지 않게 하려면 해당 파일을 유니코드 형식으로 저장하십시오.
         CCTMXObjectGroup.cpp
         코드를 생성하고 있습니다...
         컴파일하고 있습니다...
         CCTMXTiledMap.cpp
     1>C:\cocos2d\cocos2dx\platform/CCSAXParser.h : warning C4819: 현재 코드 페이지(949)에서 표시할 수 없는 문자가 파일에 들어 있습니다. 데이터가 손실되지 않게 하려면 해당 파일을 유니코드 형식으로 저장하십시오.
         CCTMXXMLParser.cpp
     1>..\tileMap_parallax_nodes\CCTMXXMLParser.cpp : warning C4819: 현재 코드 페이지(949)에서 표시할 수 없는 문자가 파일에 들어 있습니다. 데이터가 손실되지 않게 하려면 해당 파일을 유니코드 형식으로 저장하십시오.
     1>C:\cocos2d\cocos2dx\platform/CCSAXParser.h : warning C4819: 현재 코드 페이지(949)에서 표시할 수 없는 문자가 파일에 들어 있습니다. 데이터가 손실되지 않게 하려면 해당 파일을 유니코드 형식으로 저장하십시오.
         CCTileMapAtlas.cpp
         CCTouchDispatcher.cpp
         CCTouchHandler.cpp
         코드를 생성하고 있습니다...
         모든 출력이 최신 상태입니다.
       ManifestResourceCompile:
         모든 출력이 최신 상태입니다.
       PreLinkEvent:
         if not exist "C:\cocos2d\Release.win32\" mkdir "C:\cocos2d\Release.win32\"
         xcopy /Y /Q "C:\cocos2d\cocos2dx\platform\third_party\win32\libraries\*.*" "C:\cocos2d\Release.win32\"
         
         :VCEnd
         16개 파일이 복사되었습니다.
       Link:
         C:\Program Files\Microsoft Visual Studio 10.0\VC\bin\link.exe /ERRORREPORT:PROMPT /OUT:"C:\cocos2d\Release.win32\libcocos2d.dll" /INCREMENTAL /NOLOGO /LIBPATH:C:\cocos2d\Release.win32\ opengl32.lib glew32.lib libxml2.lib libzlib.lib libpng.lib libtiff.lib libjpeg.lib libiconv.lib pthreadVCE2.lib kernel32.lib user32.lib gdi32.lib winspool.lib comdlg32.lib advapi32.lib shell32.lib ole32.lib oleaut32.lib uuid.lib odbc32.lib odbccp32.lib /MANIFEST /ManifestFile:"Release.win32\libcocos2d.dll.intermediate.manifest" /MANIFESTUAC:"level='asInvoker' uiAccess='false'" /DEBUG /PDB:"C:\cocos2d\Release.win32\libcocos2d.pdb" /SUBSYSTEM:WINDOWS /OPT:REF /OPT:ICF /TLBID:1 /DYNAMICBASE /NXCOMPAT /IMPLIB:"C:\cocos2d\Release.win32\libcocos2d.lib" /MACHINE:X86 /DLL Release.win32\libcocos2d.dll.embed.manifest.res
         Release.win32\CCAction.obj
         Release.win32\CCActionCamera.obj
         Release.win32\CCActionCatmullRom.obj
         Release.win32\CCActionEase.obj
         Release.win32\CCActionGrid.obj
         Release.win32\CCActionGrid3D.obj
         Release.win32\CCActionInstant.obj
         Release.win32\CCActionInterval.obj
         Release.win32\CCActionManager.obj
         Release.win32\CCActionPageTurn3D.obj
         Release.win32\CCActionProgressTimer.obj
         Release.win32\CCActionTiledGrid.obj
         Release.win32\CCActionTween.obj
         Release.win32\CCAtlasNode.obj
         Release.win32\CCNode.obj
         Release.win32\CCCamera.obj
         Release.win32\CCConfiguration.obj
         Release.win32\CCDirector.obj
         Release.win32\CCDrawingPrimitives.obj
         Release.win32\CCScheduler.obj
         Release.win32\CCAffineTransform.obj
         Release.win32\CCArray.obj
         Release.win32\CCAutoreleasePool.obj
         Release.win32\CCDictionary.obj
         Release.win32\CCGeometry.obj
         Release.win32\CCNS.obj
         Release.win32\CCObject.obj
         Release.win32\CCSet.obj
         Release.win32\CCString.obj
         Release.win32\CCZone.obj
         Release.win32\cocos2d.obj
         Release.win32\CCGrabber.obj
         Release.win32\CCGrid.obj
         Release.win32\CCBFileLoader.obj
         Release.win32\CCBReader.obj
         Release.win32\CCControlButtonLoader.obj
         Release.win32\CCControlLoader.obj
         Release.win32\CCLabelBMFontLoader.obj
         Release.win32\CCLabelTTFLoader.obj
         Release.win32\CCLayerColorLoader.obj
         Release.win32\CCLayerGradientLoader.obj
         Release.win32\CCLayerLoader.obj
         Release.win32\CCMenuItemImageLoader.obj
         Release.win32\CCMenuItemLoader.obj
         Release.win32\CCNodeLoader.obj
         Release.win32\CCNodeLoaderLibrary.obj
         Release.win32\CCParticleSystemQuadLoader.obj
         Release.win32\CCScale9SpriteLoader.obj
         Release.win32\CCScrollViewLoader.obj
         Release.win32\CCSpriteLoader.obj
         Release.win32\CCControl.obj
         Release.win32\CCControlButton.obj
         Release.win32\CCControlColourPicker.obj
         Release.win32\CCControlHuePicker.obj
         Release.win32\CCControlSaturationBrightnessPicker.obj
         Release.win32\CCControlSlider.obj
         Release.win32\CCControlSwitch.obj
         Release.win32\CCControlUtils.obj
         Release.win32\CCInvocation.obj
         Release.win32\CCMenuPassive.obj
         Release.win32\CCScale9Sprite.obj
         Release.win32\CCSpacer.obj
         Release.win32\CCListView.obj
         Release.win32\CCListViewCell.obj
         Release.win32\CCNotificationCenter.obj
         Release.win32\CCScrollView.obj
         Release.win32\CCTextureWatcher.obj
         Release.win32\aabb.obj
         Release.win32\mat4stack.obj
         Release.win32\matrix.obj
         Release.win32\mat3.obj
         Release.win32\mat4.obj
         Release.win32\neon_matrix_impl.obj
         Release.win32\plane.obj
         Release.win32\quaternion.obj
         Release.win32\ray2.obj
         Release.win32\utility.obj
         Release.win32\vec2.obj
         Release.win32\vec3.obj
         Release.win32\vec4.obj
         Release.win32\CCKeypadDelegate.obj
         Release.win32\CCKeypadDispatcher.obj
         Release.win32\CCLabelAtlas.obj
         Release.win32\CCLabelBMFont.obj
         Release.win32\CCLabelTTF.obj
         Release.win32\CCLayer.obj
         Release.win32\CCScene.obj
         Release.win32\CCTransition.obj
         Release.win32\CCTransitionPageTurn.obj
         Release.win32\CCTransitionProgress.obj
         Release.win32\CCMenu.obj
         Release.win32\CCMenuItem.obj
         Release.win32\CCMotionStreak.obj
         Release.win32\CCProgressTimer.obj
         Release.win32\CCRenderTexture.obj
         Release.win32\CCParticleBatchNode.obj
         Release.win32\CCParticleExamples.obj
         Release.win32\CCParticleSystem.obj
         Release.win32\CCParticleSystemQuad.obj
         Release.win32\CCEGLViewProtocol.obj
         Release.win32\CCSAXParser.obj
         Release.win32\CCThread.obj
         Release.win32\platform.obj
         Release.win32\CCAccelerometer.obj
         Release.win32\CCApplication.obj
         Release.win32\CCCommon.obj
         Release.win32\CCEGLView.obj
         Release.win32\CCFileUtils.obj
         Release.win32\CCImage.obj
         Release.win32\CCStdC.obj
         Release.win32\CCScriptSupport.obj
         Release.win32\CCGLProgram.obj
         Release.win32\ccGLStateCache.obj
         Release.win32\CCShaderCache.obj
         Release.win32\ccShaders.obj
         Release.win32\CCAnimation.obj
         Release.win32\CCAnimationCache.obj
         Release.win32\CCSprite.obj
         Release.win32\CCSpriteBatchNode.obj
         Release.win32\CCSpriteFrame.obj
         Release.win32\CCSpriteFrameCache.obj
         Release.win32\base64.obj
         Release.win32\CCPointExtension.obj
         Release.win32\CCProfiling.obj
         Release.win32\CCUserDefault.obj
         Release.win32\ccUtils.obj
         Release.win32\CCVertex.obj
         Release.win32\ccCArray.obj
         Release.win32\TGAlib.obj
         Release.win32\TransformUtils.obj
         Release.win32\ioapi.obj
         Release.win32\unzip.obj
         Release.win32\ZipUtils.obj
         Release.win32\CCTexture2D.obj
         Release.win32\CCTextureAtlas.obj
         Release.win32\CCTextureCache.obj
         Release.win32\CCTexturePVR.obj
         Release.win32\CCIMEDispatcher.obj
         Release.win32\CCTextFieldTTF.obj
         Release.win32\CCParallaxNode.obj
         Release.win32\CCTileMapAtlas.obj
         Release.win32\CCTMXLayer.obj
         Release.win32\CCTMXObjectGroup.obj
         Release.win32\CCTMXTiledMap.obj
         Release.win32\CCTMXXMLParser.obj
         Release.win32\CCTouchDispatcher.obj
         Release.win32\CCTouchHandler.obj
     1>LINK : warning LNK4075: '/INCREMENTAL'이(가) '/OPT:ICF' 사양으로 인해 무시됩니다.
            C:\cocos2d\Release.win32\libcocos2d.lib 라이브러리 및 C:\cocos2d\Release.win32\libcocos2d.exp 개체를 생성하고 있습니다.
     1>LINK : warning LNK4098: 'LIBCMT' defaultlib가 다른 라이브러리와 충돌합니다. /NODEFAULTLIB:library를 사용하십시오.
       Manifest:
         C:\Program Files\Microsoft SDKs\Windows\v7.0A\bin\mt.exe /nologo /verbose /out:"Release.win32\libcocos2d.dll.embed.manifest" /manifest Release.win32\libcocos2d.dll.intermediate.manifest
         모든 출력이 최신 상태입니다.
       LinkEmbedManifest:
         모든 출력이 최신 상태입니다.
         cocos2d-win32.vcxproj -> C:\cocos2d\Release.win32\libcocos2d.dll
       FinalizeBuildStatus:
         "Release.win32\libcocos2d.unsuccessfulbuild" 파일을 삭제하고 있습니다.
         "Release.win32\libcocos2d.lastbuildstate"에 연결(touching)하고 있습니다.
     1>"C:\cocos2d\cocos2dx\proj.win32\cocos2d-win32.vcxproj" 프로젝트를 빌드했습니다(build 대상).

빌드했습니다.

경과 시간: 00:05:48.18
